<?xml version="1.0" encoding="UTF-8"?>
<!-- Generated by org.testng.reporters.JUnitXMLReporter -->
<testsuite hostname="DESKTOP-CG5HG66" ignored="0" name="Default test" tests="13" failures="0" timestamp="05 Dec 2019 04:24:22 GMT" time="238.137" errors="0">
  <testcase name="searchingText" time="6.137" classname="com.citibank.qa.testcase.TestCase"/>
  <testcase name="titleValidation" time="0.307" classname="com.citibank.qa.testcase.TestCase"/>
  <testcase name="validationSearchText" time="0.247" classname="com.citibank.qa.testcase.TestCase"/>
  <testcase name="citiLogoValidation" time="1.289" classname="com.citibank.qa.testcase.TestCase"/>
  <testcase name="rememberUidLabel" time="0.174" classname="com.citibank.qa.testcase.TestCase"/>
  <testcase name="signInBtnDisplayed" time="2.091" classname="com.citibank.qa.testcase.TestCase"/>
  <testcase name="creditCardMessageValidated" time="2.14" classname="com.citibank.qa.testcase.TestCase"/>
  <testcase name="creditCardLink" time="2.478" classname="com.citibank.qa.testcase.TestCase"/>
  <testcase name="atmBranch" time="2.474" classname="com.citibank.qa.testcase.TestCase"/>
  <testcase name="lendingLink" time="3.367" classname="com.citibank.qa.testcase.TestCase"/>
  <testcase name="personalLoan" time="3.479" classname="com.citibank.qa.testcase.TestCase"/>
  <testcase name="mortgageLink" time="3.642" classname="com.citibank.qa.testcase.TestCase"/>
  <testcase name="homeEquity" time="8.201" classname="com.citibank.qa.testcase.TestCase"/>
</testsuite> <!-- Default test -->
